<?xml version="1.0" encoding="UTF-8"?>
<testsuite xmlns:xsi="http://www.w3.org/2001/XMLSchema-instance" xsi:noNamespaceSchemaLocation="https://maven.apache.org/surefire/maven-surefire-plugin/xsd/surefire-test-report-3.0.xsd" version="3.0" name="artifactory.test.AppTest" time="0.007" tests="1" errors="0" skipped="0" failures="0">
  <properties>
    <property name="socksProxyHost" value="127.0.0.1"/>
    <property name="http.proxyHost" value="127.0.0.1"/>
    <property name="java.specification.version" value="17"/>
    <property name="sun.jnu.encoding" value="UTF-8"/>
    <property name="java.class.path" value="/Users/wangqjfrog.com/Documents/code/frogbot-demo/multi3/target/test-classes:/Users/wangqjfrog.com/Documents/code/frogbot-demo/multi3/target/classes:/Users/wangqjfrog.com/Documents/code/frogbot-demo/multi1/target/multi1-3.7-SNAPSHOT.jar:/Users/wangqjfrog.com/.m2/repository/org/apache/commons/commons-email/1.1/commons-email-1.1.jar:/Users/wangqjfrog.com/.m2/repository/javax/mail/mail/1.4/mail-1.4.jar:/Users/wangqjfrog.com/.m2/repository/javax/activation/activation/1.1/activation-1.1.jar:/Users/wangqjfrog.com/.m2/repository/org/codehaus/plexus/plexus-utils/1.5.1/plexus-utils-1.5.1.jar:/Users/wangqjfrog.com/.m2/repository/javax/servlet/jsp/jsp-api/2.1/jsp-api-2.1.jar:/Users/wangqjfrog.com/.m2/repository/commons-io/commons-io/1.4/commons-io-1.4.jar:/Users/wangqjfrog.com/.m2/repository/org/springframework/spring-aop/2.5.6/spring-aop-2.5.6.jar:/Users/wangqjfrog.com/.m2/repository/aopalliance/aopalliance/1.0/aopalliance-1.0.jar:/Users/wangqjfrog.com/.m2/repository/commons-logging/commons-logging/1.1.1/commons-logging-1.1.1.jar:/Users/wangqjfrog.com/.m2/repository/org/springframework/spring-beans/2.5.6/spring-beans-2.5.6.jar:/Users/wangqjfrog.com/.m2/repository/org/springframework/spring-core/2.5.6/spring-core-2.5.6.jar:/Users/wangqjfrog.com/.m2/repository/hsqldb/hsqldb/1.8.0.10/hsqldb-1.8.0.10.jar:/Users/wangqjfrog.com/.m2/repository/javax/servlet/servlet-api/2.5/servlet-api-2.5.jar:/Users/wangqjfrog.com/.m2/repository/junit/junit/3.8.1/junit-3.8.1.jar:"/>
    <property name="https.proxyPort" value="7890"/>
    <property name="java.vm.vendor" value="Amazon.com Inc."/>
    <property name="sun.arch.data.model" value="64"/>
    <property name="java.vendor.url" value="https://aws.amazon.com/corretto/"/>
    <property name="os.name" value="Mac OS X"/>
    <property name="java.vm.specification.version" value="17"/>
    <property name="sun.java.launcher" value="SUN_STANDARD"/>
    <property name="user.country" value="CN"/>
    <property name="sun.boot.library.path" value="/Users/wangqjfrog.com/Library/Java/JavaVirtualMachines/corretto-17.0.7-1/Contents/Home/lib"/>
    <property name="sun.java.command" value="/Users/wangqjfrog.com/Documents/code/frogbot-demo/multi3/target/surefire/surefirebooter5853611176986868884.jar /Users/wangqjfrog.com/Documents/code/frogbot-demo/multi3/target/surefire 2024-05-14T11-41-24_000-jvmRun1 surefire12815044296682842361tmp surefire_010961771415999964256tmp"/>
    <property name="http.nonProxyHosts" value="192.168.0.0/16|*.192.168.0.0/16|10.0.0.0/8|*.10.0.0.0/8|172.16.0.0/12|*.172.16.0.0/12|127.0.0.1|localhost|*.localhost|local|*.local|timestamp.apple.com|*.timestamp.apple.com"/>
    <property name="jdk.debug" value="release"/>
    <property name="surefire.test.class.path" value="/Users/wangqjfrog.com/Documents/code/frogbot-demo/multi3/target/test-classes:/Users/wangqjfrog.com/Documents/code/frogbot-demo/multi3/target/classes:/Users/wangqjfrog.com/Documents/code/frogbot-demo/multi1/target/multi1-3.7-SNAPSHOT.jar:/Users/wangqjfrog.com/.m2/repository/org/apache/commons/commons-email/1.1/commons-email-1.1.jar:/Users/wangqjfrog.com/.m2/repository/javax/mail/mail/1.4/mail-1.4.jar:/Users/wangqjfrog.com/.m2/repository/javax/activation/activation/1.1/activation-1.1.jar:/Users/wangqjfrog.com/.m2/repository/org/codehaus/plexus/plexus-utils/1.5.1/plexus-utils-1.5.1.jar:/Users/wangqjfrog.com/.m2/repository/javax/servlet/jsp/jsp-api/2.1/jsp-api-2.1.jar:/Users/wangqjfrog.com/.m2/repository/commons-io/commons-io/1.4/commons-io-1.4.jar:/Users/wangqjfrog.com/.m2/repository/org/springframework/spring-aop/2.5.6/spring-aop-2.5.6.jar:/Users/wangqjfrog.com/.m2/repository/aopalliance/aopalliance/1.0/aopalliance-1.0.jar:/Users/wangqjfrog.com/.m2/repository/commons-logging/commons-logging/1.1.1/commons-logging-1.1.1.jar:/Users/wangqjfrog.com/.m2/repository/org/springframework/spring-beans/2.5.6/spring-beans-2.5.6.jar:/Users/wangqjfrog.com/.m2/repository/org/springframework/spring-core/2.5.6/spring-core-2.5.6.jar:/Users/wangqjfrog.com/.m2/repository/hsqldb/hsqldb/1.8.0.10/hsqldb-1.8.0.10.jar:/Users/wangqjfrog.com/.m2/repository/javax/servlet/servlet-api/2.5/servlet-api-2.5.jar:/Users/wangqjfrog.com/.m2/repository/junit/junit/3.8.1/junit-3.8.1.jar:"/>
    <property name="sun.cpu.endian" value="little"/>
    <property name="user.home" value="/Users/wangqjfrog.com"/>
    <property name="user.language" value="en"/>
    <property name="java.specification.vendor" value="Oracle Corporation"/>
    <property name="java.version.date" value="2023-04-18"/>
    <property name="java.home" value="/Users/wangqjfrog.com/Library/Java/JavaVirtualMachines/corretto-17.0.7-1/Contents/Home"/>
    <property name="file.separator" value="/"/>
    <property name="https.proxyHost" value="127.0.0.1"/>
    <property name="basedir" value="/Users/wangqjfrog.com/Documents/code/frogbot-demo/multi3"/>
    <property name="java.vm.compressedOopsMode" value="Zero based"/>
    <property name="line.separator" value="&#10;"/>
    <property name="java.vm.specification.vendor" value="Oracle Corporation"/>
    <property name="java.specification.name" value="Java Platform API Specification"/>
    <property name="surefire.real.class.path" value="/Users/wangqjfrog.com/Documents/code/frogbot-demo/multi3/target/surefire/surefirebooter5853611176986868884.jar"/>
    <property name="sun.management.compiler" value="HotSpot 64-Bit Tiered Compilers"/>
    <property name="ftp.nonProxyHosts" value="192.168.0.0/16|*.192.168.0.0/16|10.0.0.0/8|*.10.0.0.0/8|172.16.0.0/12|*.172.16.0.0/12|127.0.0.1|localhost|*.localhost|local|*.local|timestamp.apple.com|*.timestamp.apple.com"/>
    <property name="java.runtime.version" value="17.0.7+7-LTS"/>
    <property name="user.name" value="wangqjfrog.com"/>
    <property name="path.separator" value=":"/>
    <property name="os.version" value="14.4.1"/>
    <property name="java.runtime.name" value="OpenJDK Runtime Environment"/>
    <property name="file.encoding" value="UTF-8"/>
    <property name="java.vm.name" value="OpenJDK 64-Bit Server VM"/>
    <property name="java.vendor.version" value="Corretto-17.0.7.7.1"/>
    <property name="localRepository" value="/Users/wangqjfrog.com/.m2/repository"/>
    <property name="java.vendor.url.bug" value="https://github.com/corretto/corretto-17/issues/"/>
    <property name="java.io.tmpdir" value="/var/folders/wr/gv2153sn7yqdn9_90yx7w3gm0000gq/T/"/>
    <property name="java.version" value="17.0.7"/>
    <property name="user.dir" value="/Users/wangqjfrog.com/Documents/code/frogbot-demo/multi3"/>
    <property name="os.arch" value="x86_64"/>
    <property name="socksProxyPort" value="7890"/>
    <property name="java.vm.specification.name" value="Java Virtual Machine Specification"/>
    <property name="native.encoding" value="UTF-8"/>
    <property name="java.library.path" value="/Users/wangqjfrog.com/Library/Java/Extensions:/Library/Java/Extensions:/Network/Library/Java/Extensions:/System/Library/Java/Extensions:/usr/lib/java:."/>
    <property name="java.vm.info" value="mixed mode, sharing"/>
    <property name="java.vendor" value="Amazon.com Inc."/>
    <property name="java.vm.version" value="17.0.7+7-LTS"/>
    <property name="sun.io.unicode.encoding" value="UnicodeBig"/>
    <property name="socksNonProxyHosts" value="192.168.0.0/16|*.192.168.0.0/16|10.0.0.0/8|*.10.0.0.0/8|172.16.0.0/12|*.172.16.0.0/12|127.0.0.1|localhost|*.localhost|local|*.local|timestamp.apple.com|*.timestamp.apple.com"/>
    <property name="java.class.version" value="61.0"/>
    <property name="http.proxyPort" value="7890"/>
  </properties>
  <testcase name="testApp" classname="artifactory.test.AppTest" time="0"/>
</testsuite>